<?xml version="1.0" encoding="UTF-8"?>
<!-- Generated by org.testng.reporters.JUnitXMLReporter -->
<testsuite ignored="0" hostname="UTS-TEJASL" failures="0" tests="4" name="Default test" time="7.057" errors="0" timestamp="2026-04-01T15:16:45 IST">
  <testcase classname="api.test.userTest" name="testPostUser" time="3.177"/>
  <testcase classname="api.test.userTest" name="testGetUserByName" time="1.223"/>
  <testcase classname="api.test.userTest" name="testUpdateUserByName" time="1.259"/>
  <testcase classname="api.test.userTest" name="testDeletetUserByName" time="1.162"/>
</testsuite> <!-- Default test -->
