<?xml version="1.0" encoding="UTF-8"?>
<!-- Generated by org.testng.reporters.JUnitXMLReporter -->
<testsuite ignored="0" hostname="UTS-TEJASL" failures="0" tests="4" name="Test" time="6.802" errors="0" timestamp="2026-03-30T16:22:59 IST">
  <testcase classname="api.test.userTest" name="testPostUser" time="2.967"/>
  <testcase classname="api.test.userTest" name="testGetUserByName" time="1.148"/>
  <testcase classname="api.test.userTest" name="testUpdateUserByName" time="1.134"/>
  <testcase classname="api.test.userTest" name="testDeletetUserByName" time="1.169"/>
</testsuite> <!-- Test -->
