<?xml version="1.0" encoding="UTF-8"?>
<!-- Generated by org.testng.reporters.JUnitXMLReporter -->
<testsuite ignored="0" hostname="UTS-TEJASL" failures="0" tests="4" name="Test" time="10.535" errors="0" timestamp="2026-04-01T16:46:35 IST">
  <testcase classname="api.test.userTest" name="testPostUser" time="2.654"/>
  <testcase classname="api.test.userTest" name="testGetUserByName" time="4.999"/>
  <testcase classname="api.test.userTest" name="testUpdateUserByName" time="1.253"/>
  <testcase classname="api.test.userTest" name="testDeletetUserByName" time="1.238"/>
</testsuite> <!-- Test -->
