<?xml version="1.0" encoding="UTF-8"?>
<testsuite xmlns:xsi="http://www.w3.org/2001/XMLSchema-instance" xsi:noNamespaceSchemaLocation="https://maven.apache.org/surefire/maven-surefire-plugin/xsd/surefire-test-report.xsd" version="3.0.2" name="TestSuite" time="11.116" tests="4" errors="0" skipped="0" failures="0" flakes="0">
  <properties>
[...]
</properties>
  <testcase name="testPostUser" classname="api.test.userTest" time="2.661">
    <system-out><![CDATA[HTTP/1.1 200 OK
Date: Wed, 01 Apr 2026 11:16:27 GMT
Content-Type: application/json
Transfer-Encoding: chunked
Connection: keep-alive
Access-Control-Allow-Origin: *
Access-Control-Allow-Methods: GET, POST, DELETE, PUT
Access-Control-Allow-Headers: Content-Type, api_key, Authorization
Server: Jetty(9.2.9.v20150224)

{
    "code": 200,
    "type": "unknown",
    "message": "1176968662"
}
]]></system-out>
    <system-err><![CDATA[SLF4J(W): No SLF4J providers were found.
SLF4J(W): Defaulting to no-operation (NOP) logger implementation
SLF4J(W): See https://www.slf4j.org/codes.html#noProviders for further details.
]]></system-err>
  </testcase>
  <testcase name="testGetUserByName" classname="api.test.userTest" time="5.012">
    <system-out><![CDATA[HTTP/1.1 200 OK
Date: Wed, 01 Apr 2026 11:16:32 GMT
Content-Type: application/json
Transfer-Encoding: chunked
Connection: keep-alive
Access-Control-Allow-Origin: *
Access-Control-Allow-Methods: GET, POST, DELETE, PUT
Access-Control-Allow-Headers: Content-Type, api_key, Authorization
Server: Jetty(9.2.9.v20150224)

{
    "id": 1176968662,
    "username": "jena.ebert",
    "firstName": "Benny",
    "lastName": "Parker",
    "email": "bryanna.gutmann@hotmail.com",
    "password": "yh7eb4zgthkxaiv",
    "phone": "610.673.4755",
    "userStatus": 0
}
]]></system-out>
  </testcase>
  <testcase name="testUpdateUserByName" classname="api.test.userTest" time="1.238">
    <system-out><![CDATA[{
    "code": 200,
    "type": "unknown",
    "message": "1176968662"
}
]]></system-out>
  </testcase>
  <testcase name="testDeletetUserByName" classname="api.test.userTest" time="1.235"/>
</testsuite>