<?xml version="1.0" encoding="UTF-8"?>
<testng-results ignored="0" total="4" passed="4" failed="0" skipped="0">
  <reporter-output>
  </reporter-output>
  <suite started-at="2026-04-01T16:46:24 IST" name="Suite" finished-at="2026-04-01T16:46:34 IST" duration-ms="10535">
    <groups>
    </groups>
    <test started-at="2026-04-01T16:46:24 IST" name="Test" finished-at="2026-04-01T16:46:34 IST" duration-ms="10535">
      <class name="api.test.userTest">
        <test-method is-config="true" signature="setupData()[pri:0, instance:api.test.userTest@7b9a4292]" started-at="2026-04-01T16:46:24 IST" name="setupData" finished-at="2026-04-01T16:46:24 IST" duration-ms="171" status="PASS">
          <reporter-output>
          </reporter-output>
        </test-method> <!-- setupData -->
        <test-method signature="testPostUser()[pri:1, instance:api.test.userTest@7b9a4292]" started-at="2026-04-01T16:46:24 IST" name="testPostUser" finished-at="2026-04-01T16:46:27 IST" duration-ms="2654" status="PASS">
          <reporter-output>
          </reporter-output>
        </test-method> <!-- testPostUser -->
        <test-method signature="testGetUserByName()[pri:2, instance:api.test.userTest@7b9a4292]" started-at="2026-04-01T16:46:27 IST" name="testGetUserByName" finished-at="2026-04-01T16:46:32 IST" duration-ms="4999" status="PASS">
          <reporter-output>
          </reporter-output>
        </test-method> <!-- testGetUserByName -->
        <test-method signature="testUpdateUserByName()[pri:3, instance:api.test.userTest@7b9a4292]" started-at="2026-04-01T16:46:32 IST" name="testUpdateUserByName" finished-at="2026-04-01T16:46:33 IST" duration-ms="1253" status="PASS">
          <reporter-output>
          </reporter-output>
        </test-method> <!-- testUpdateUserByName -->
        <test-method signature="testDeletetUserByName()[pri:4, instance:api.test.userTest@7b9a4292]" started-at="2026-04-01T16:46:33 IST" name="testDeletetUserByName" finished-at="2026-04-01T16:46:34 IST" duration-ms="1238" status="PASS">
          <reporter-output>
          </reporter-output>
        </test-method> <!-- testDeletetUserByName -->
      </class> <!-- api.test.userTest -->
    </test> <!-- Test -->
  </suite> <!-- Suite -->
</testng-results>
