<?xml version="1.0" encoding="UTF-8"?>
<testng-results ignored="0" total="4" passed="4" failed="0" skipped="0">
  <reporter-output>
  </reporter-output>
  <suite started-at="2026-04-01T15:16:38 IST" name="Default suite" finished-at="2026-04-01T15:16:45 IST" duration-ms="7057">
    <groups>
    </groups>
    <test started-at="2026-04-01T15:16:38 IST" name="Default test" finished-at="2026-04-01T15:16:45 IST" duration-ms="7057">
      <class name="api.test.userTest">
        <test-method is-config="true" signature="setupData()[pri:0, instance:api.test.userTest@5afa3c9]" started-at="2026-04-01T15:16:38 IST" name="setupData" finished-at="2026-04-01T15:16:38 IST" duration-ms="189" status="PASS">
          <reporter-output>
          </reporter-output>
        </test-method> <!-- setupData -->
        <test-method signature="testPostUser()[pri:1, instance:api.test.userTest@5afa3c9]" started-at="2026-04-01T15:16:38 IST" name="testPostUser" finished-at="2026-04-01T15:16:41 IST" duration-ms="3177" status="PASS">
          <reporter-output>
          </reporter-output>
        </test-method> <!-- testPostUser -->
        <test-method signature="testGetUserByName()[pri:2, instance:api.test.userTest@5afa3c9]" started-at="2026-04-01T15:16:41 IST" name="testGetUserByName" finished-at="2026-04-01T15:16:43 IST" duration-ms="1223" status="PASS">
          <reporter-output>
          </reporter-output>
        </test-method> <!-- testGetUserByName -->
        <test-method signature="testUpdateUserByName()[pri:3, instance:api.test.userTest@5afa3c9]" started-at="2026-04-01T15:16:43 IST" name="testUpdateUserByName" finished-at="2026-04-01T15:16:44 IST" duration-ms="1259" status="PASS">
          <reporter-output>
          </reporter-output>
        </test-method> <!-- testUpdateUserByName -->
        <test-method signature="testDeletetUserByName()[pri:4, instance:api.test.userTest@5afa3c9]" started-at="2026-04-01T15:16:44 IST" name="testDeletetUserByName" finished-at="2026-04-01T15:16:45 IST" duration-ms="1162" status="PASS">
          <reporter-output>
          </reporter-output>
        </test-method> <!-- testDeletetUserByName -->
      </class> <!-- api.test.userTest -->
    </test> <!-- Default test -->
  </suite> <!-- Default suite -->
</testng-results>
