<?xml version="1.0" encoding="UTF-8"?>
<!-- Generated by org.testng.reporters.JUnitReportReporter -->
<testsuite hostname="UTS-TEJASL" failures="0" tests="6" name="api.test.DataDrivenTest" time="8.494" errors="0" timestamp="2026-04-01T14:18:07 IST" skipped="0">
  <testcase classname="api.test.DataDrivenTest" name="testPostUser" time="2.671"/>
  <testcase classname="api.test.DataDrivenTest" name="testPostUser" time="1.154"/>
  <testcase classname="api.test.DataDrivenTest" name="testPostUser" time="1.124"/>
  <testcase classname="api.test.DataDrivenTest" name="deleteUserByName" time="1.154"/>
  <testcase classname="api.test.DataDrivenTest" name="deleteUserByName" time="1.213"/>
  <testcase classname="api.test.DataDrivenTest" name="deleteUserByName" time="1.178"/>
</testsuite> <!-- api.test.DataDrivenTest -->
